# JRE version: OpenJDK Runtime Environment (8.0_222-b10) (build 1.8.0_222-8u222-b10-1ubuntu1~16.04.1-b10)
# Java VM: OpenJDK 64-Bit Server VM (25.222-b10 mixed mode linux-amd64 compressed oops)
Heap:
 def new generation   total 73984K, used 65792K [0x00000000c0000000, 0x00000000c5040000, 0x00000000d5550000)
  eden space 65792K, 100% used [0x00000000c0000000, 0x00000000c4040000, 0x00000000c4040000)
  from space 8192K,   0% used [0x00000000c4040000, 0x00000000c40401f0, 0x00000000c4840000)
  to   space 8192K,   0% used [0x00000000c4840000, 0x00000000c48402d0, 0x00000000c5040000)
 tenured generation   total 164296K, used 164112K [0x00000000d5550000, 0x00000000df5c2000, 0x0000000100000000)
   the space 164296K,  99% used [0x00000000d5550000, 0x00000000df594030, 0x00000000df594200, 0x00000000df5c2000)
 Metaspace       used 71026K, capacity 72036K, committed 72408K, reserved 1112064K
  class space    used 10144K, capacity 10336K, committed 10456K, reserved 1048576K
GC Heap History (10 events):
Event: 2485.386 GC heap after
Heap after GC invocations=349 (full 10):
 def new generation   total 43328K, used 3131K [0x00000000c0000000, 0x00000000c2f00000, 0x00000000d5550000)
  eden space 38528K,   0% used [0x00000000c0000000, 0x00000000c0000000, 0x00000000c25a0000)
  from space 4800K,  65% used [0x00000000c2a50000, 0x00000000c2d5ec70, 0x00000000c2f00000)
  to   space 4800K,   0% used [0x00000000c25a0000, 0x00000000c25a0000, 0x00000000c2a50000)
 tenured generation   total 96188K, used 56532K [0x00000000d5550000, 0x00000000db33f000, 0x0000000100000000)
   the space 96188K,  58% used [0x00000000d5550000, 0x00000000d8c851a8, 0x00000000d8c85200, 0x00000000db33f000)
 Metaspace       used 71137K, capacity 72216K, committed 72408K, reserved 1112064K
  class space    used 10160K, capacity 10366K, committed 10456K, reserved 1048576K
}
Event: 2485.591 GC heap before
{Heap before GC invocations=349 (full 10):
 def new generation   total 43328K, used 41659K [0x00000000c0000000, 0x00000000c2f00000, 0x00000000d5550000)
  eden space 38528K, 100% used [0x00000000c0000000, 0x00000000c25a0000, 0x00000000c25a0000)
  from space 4800K,  65% used [0x00000000c2a50000, 0x00000000c2d5ec70, 0x00000000c2f00000)
  to   space 4800K,   0% used [0x00000000c25a0000, 0x00000000c25a0000, 0x00000000c2a50000)
 tenured generation   total 96188K, used 56532K [0x00000000d5550000, 0x00000000db33f000, 0x0000000100000000)
   the space 96188K,  58% used [0x00000000d5550000, 0x00000000d8c851a8, 0x00000000d8c85200, 0x00000000db33f000)
 Metaspace       used 71137K, capacity 72216K, committed 72408K, reserved 1112064K
  class space    used 10160K, capacity 10366K, committed 10456K, reserved 1048576K
Event: 2485.603 GC heap after
Heap after GC invocations=350 (full 10):
 def new generation   total 43328K, used 4420K [0x00000000c0000000, 0x00000000c2f00000, 0x00000000d5550000)
  eden space 38528K,   0% used [0x00000000c0000000, 0x00000000c0000000, 0x00000000c25a0000)
  from space 4800K,  92% used [0x00000000c25a0000, 0x00000000c29f12e0, 0x00000000c2a50000)
  to   space 4800K,   0% used [0x00000000c2a50000, 0x00000000c2a50000, 0x00000000c2f00000)
 tenured generation   total 96188K, used 73675K [0x00000000d5550000, 0x00000000db33f000, 0x0000000100000000)
   the space 96188K,  76% used [0x00000000d5550000, 0x00000000d9d42c18, 0x00000000d9d42e00, 0x00000000db33f000)
 Metaspace       used 71137K, capacity 72216K, committed 72408K, reserved 1112064K
  class space    used 10160K, capacity 10366K, committed 10456K, reserved 1048576K
}
Event: 2485.764 GC heap before
{Heap before GC invocations=350 (full 10):
 def new generation   total 43328K, used 42948K [0x00000000c0000000, 0x00000000c2f00000, 0x00000000d5550000)
  eden space 38528K, 100% used [0x00000000c0000000, 0x00000000c25a0000, 0x00000000c25a0000)
  from space 4800K,  92% used [0x00000000c25a0000, 0x00000000c29f12e0, 0x00000000c2a50000)
  to   space 4800K,   0% used [0x00000000c2a50000, 0x00000000c2a50000, 0x00000000c2f00000)
 tenured generation   total 96188K, used 73675K [0x00000000d5550000, 0x00000000db33f000, 0x0000000100000000)
   the space 96188K,  76% used [0x00000000d5550000, 0x00000000d9d42c18, 0x00000000d9d42e00, 0x00000000db33f000)
 Metaspace       used 71137K, capacity 72216K, committed 72408K, reserved 1112064K
  class space    used 10160K, capacity 10366K, committed 10456K, reserved 1048576K
Event: 2485.875 GC heap after
Heap after GC invocations=351 (full 11):
 def new generation   total 73984K, used 0K [0x00000000c0000000, 0x00000000c5040000, 0x00000000d5550000)
  eden space 65792K,   0% used [0x00000000c0000000, 0x00000000c0000000, 0x00000000c4040000)
  from space 8192K,   0% used [0x00000000c4040000, 0x00000000c4040000, 0x00000000c4840000)
  to   space 8192K,   0% used [0x00000000c4840000, 0x00000000c4840000, 0x00000000c5040000)
 tenured generation   total 164296K, used 98575K [0x00000000d5550000, 0x00000000df5c2000, 0x0000000100000000)
   the space 164296K,  59% used [0x00000000d5550000, 0x00000000db593ff0, 0x00000000db594000, 0x00000000df5c2000)
 Metaspace       used 71026K, capacity 72036K, committed 72408K, reserved 1112064K
  class space    used 10144K, capacity 10336K, committed 10456K, reserved 1048576K
}
Event: 2486.088 GC heap before
{Heap before GC invocations=351 (full 11):
 def new generation   total 73984K, used 53085K [0x00000000c0000000, 0x00000000c5040000, 0x00000000d5550000)
  eden space 65792K,  80% used [0x00000000c0000000, 0x00000000c33d7628, 0x00000000c4040000)
  from space 8192K,   0% used [0x00000000c4040000, 0x00000000c4040000, 0x00000000c4840000)
  to   space 8192K,   0% used [0x00000000c4840000, 0x00000000c4840000, 0x00000000c5040000)
 tenured generation   total 164296K, used 98575K [0x00000000d5550000, 0x00000000df5c2000, 0x0000000100000000)
   the space 164296K,  59% used [0x00000000d5550000, 0x00000000db593ff0, 0x00000000db594000, 0x00000000df5c2000)
 Metaspace       used 71026K, capacity 72036K, committed 72408K, reserved 1112064K
  class space    used 10144K, capacity 10336K, committed 10456K, reserved 1048576K
Event: 2486.100 GC heap after
Heap after GC invocations=352 (full 11):
 def new generation   total 73984K, used 0K [0x00000000c0000000, 0x00000000c5040000, 0x00000000d5550000)
  eden space 65792K,   0% used [0x00000000c0000000, 0x00000000c0000000, 0x00000000c4040000)
  from space 8192K,   0% used [0x00000000c4840000, 0x00000000c48400d0, 0x00000000c5040000)
  to   space 8192K,   0% used [0x00000000c4040000, 0x00000000c4040000, 0x00000000c4840000)
 tenured generation   total 164296K, used 114960K [0x00000000d5550000, 0x00000000df5c2000, 0x0000000100000000)
   the space 164296K,  69% used [0x00000000d5550000, 0x00000000dc594000, 0x00000000dc594000, 0x00000000df5c2000)
 Metaspace       used 71026K, capacity 72036K, committed 72408K, reserved 1112064K
  class space    used 10144K, capacity 10336K, committed 10456K, reserved 1048576K
}
Event: 2486.209 GC heap before
{Heap before GC invocations=352 (full 11):
 def new generation   total 73984K, used 54394K [0x00000000c0000000, 0x00000000c5040000, 0x00000000d5550000)
  eden space 65792K,  82% used [0x00000000c0000000, 0x00000000c351e9c8, 0x00000000c4040000)
  from space 8192K,   0% used [0x00000000c4840000, 0x00000000c48400d0, 0x00000000c5040000)
  to   space 8192K,   0% used [0x00000000c4040000, 0x00000000c4040000, 0x00000000c4840000)
 tenured generation   total 164296K, used 114960K [0x00000000d5550000, 0x00000000df5c2000, 0x0000000100000000)
   the space 164296K,  69% used [0x00000000d5550000, 0x00000000dc594000, 0x00000000dc594000, 0x00000000df5c2000)
 Metaspace       used 71026K, capacity 72036K, committed 72408K, reserved 1112064K
  class space    used 10144K, capacity 10336K, committed 10456K, reserved 1048576K
Event: 2486.283 GC heap after
Heap after GC invocations=353 (full 11):
 def new generation   total 73984K, used 0K [0x00000000c0000000, 0x00000000c5040000, 0x00000000d5550000)
  eden space 65792K,   0% used [0x00000000c0000000, 0x00000000c0000000, 0x00000000c4040000)
  from space 8192K,   0% used [0x00000000c4040000, 0x00000000c40401f0, 0x00000000c4840000)
  to   space 8192K,   0% used [0x00000000c4840000, 0x00000000c4840000, 0x00000000c5040000)
 tenured generation   total 164296K, used 147728K [0x00000000d5550000, 0x00000000df5c2000, 0x0000000100000000)
   the space 164296K,  89% used [0x00000000d5550000, 0x00000000de594020, 0x00000000de594200, 0x00000000df5c2000)
 Metaspace       used 71026K, capacity 72036K, committed 72408K, reserved 1112064K
  class space    used 10144K, capacity 10336K, committed 10456K, reserved 1048576K
}
Event: 2487.562 GC heap before
{Heap before GC invocations=353 (full 11):
 def new generation   total 73984K, used 65792K [0x00000000c0000000, 0x00000000c5040000, 0x00000000d5550000)
  eden space 65792K, 100% used [0x00000000c0000000, 0x00000000c4040000, 0x00000000c4040000)
  from space 8192K,   0% used [0x00000000c4040000, 0x00000000c40401f0, 0x00000000c4840000)
  to   space 8192K,   0% used [0x00000000c4840000, 0x00000000c4840000, 0x00000000c5040000)
 tenured generation   total 164296K, used 147728K [0x00000000d5550000, 0x00000000df5c2000, 0x0000000100000000)
   the space 164296K,  89% used [0x00000000d5550000, 0x00000000de594020, 0x00000000de594200, 0x00000000df5c2000)
 Metaspace       used 71026K, capacity 72036K, committed 72408K, reserved 1112064K
  class space    used 10144K, capacity 10336K, committed 10456K, reserved 1048576K

